<?xml version="1.0" encoding="UTF-8"?>
<!-- Generated by org.testng.reporters.JUnitReportReporter -->
<testsuite skipped="0" hostname="LAPTOP-U8JHRDM1" name="testng.TestCases" tests="4" failures="0" timestamp="14 Apr 2019 05:37:02 GMT" time="0.030" errors="0">
  <testcase name="LoginToFB" time="0.014" classname="testng.TestCases"/>
  <testcase name="AddToCart" time="0.000" classname="testng.TestCases"/>
  <testcase name="Payment" time="0.000" classname="testng.TestCases"/>
  <testcase name="Logout" time="0.016" classname="testng.TestCases"/>
</testsuite> <!-- testng.TestCases -->
